<?xml version="1.0" encoding="UTF-8"?>
<!-- Generated by org.testng.reporters.JUnitReportReporter -->
<testsuite skipped="0" hostname="DESKTOP-UOMKS8R" name="WebLineaUnica" tests="2" failures="0" timestamp="14 ene 2019 19:58:26 GMT" time="203.402" errors="0">
  <testcase name="asd" time="100.432" classname="WebLineaUnica"/>
  <testcase name="asdd" time="102.970" classname="WebLineaUnica"/>
</testsuite> <!-- WebLineaUnica -->
